<?xml version="1.0" encoding="UTF-8"?>
<testsuite xmlns:xsi="http://www.w3.org/2001/XMLSchema-instance" xsi:noNamespaceSchemaLocation="https://maven.apache.org/surefire/maven-surefire-plugin/xsd/surefire-test-report.xsd" version="3.0.2" name="org.hibernate.reactive.bugs.ConcurrentDeleteTestCase" time="64.904" tests="3" errors="0" skipped="0" failures="1">
  <properties>
[...]
</properties>
  <testcase name="sequentialDeletesInSeparateSessions" classname="org.hibernate.reactive.bugs.ConcurrentDeleteTestCase" time="0.531">
    <system-out><![CDATA[The files belonging to this database system will be owned by user "postgres".
This user must also own the server process.

The database cluster will be initialized with locale "en_US.utf8".
The default database encoding has accordingly been set to "UTF8".
The default text search configuration will be set to "english".

Data page checksums are disabled.

fixing permissions on existing directory /var/lib/postgresql/data ... ok
creating subdirectories ... ok
selecting dynamic shared memory implementation ... posix
selecting default max_connections ... 100
selecting default shared_buffers ... 128MB
selecting default time zone ... Etc/UTC
creating configuration files ... ok
running bootstrap script ... ok
performing post-bootstrap initialization ... ok
syncing data to disk ... ok
initdb: warning: enabling "trust" authentication for local connections
initdb: hint: You can change this by editing pg_hba.conf or using the option -A, or --auth-local and --auth-host, the next time you run initdb.


Success. You can now start the database server using:

    pg_ctl -D /var/lib/postgresql/data -l logfile start

waiting for server to start....2026-09-24 07:30:03.159 UTC [48] LOG:  starting PostgreSQL 16.3 (Debian 16.3-1.pgdg120+1) on x86_64-pc-linux-gnu, compiled by gcc (Debian 12.2.0-14) 12.2.0, 64-bit
2026-09-24 07:30:03.159 UTC [48] LOG:  listening on Unix socket "/var/run/postgresql/.s.PGSQL.5432"
2026-09-24 07:30:03.161 UTC [51] LOG:  database system was shut down at 2026-09-24 07:30:03 UTC
2026-09-24 07:30:03.163 UTC [48] LOG:  database system is ready to accept connections
 done
server started
CREATE DATABASE


/usr/local/bin/docker-entrypoint.sh: ignoring /docker-entrypoint-initdb.d/*

waiting for server to shut down...2026-09-24 07:30:03.324 UTC [48] LOG:  received fast shutdown request
.2026-09-24 07:30:03.324 UTC [48] LOG:  aborting any active transactions
2026-09-24 07:30:03.326 UTC [48] LOG:  background worker "logical replication launcher" (PID 54) exited with exit code 1
2026-09-24 07:30:03.326 UTC [49] LOG:  shutting down
2026-09-24 07:30:03.326 UTC [49] LOG:  checkpoint starting: shutdown immediate
2026-09-24 07:30:03.331 UTC [49] LOG:  checkpoint complete: wrote 922 buffers (5.6%); 0 WAL file(s) added, 0 removed, 0 recycled; write=0.005 s, sync=0.001 s, total=0.005 s; sync files=0, longest=0.000 s, average=0.000 s; distance=4255 kB, estimate=4255 kB; lsn=0/1912038, redo lsn=0/1912038
2026-09-24 07:30:03.336 UTC [48] LOG:  database system is shut down
 done
server stopped

PostgreSQL init process complete; ready for start up.

2026-09-24 07:30:03.440 UTC [1] LOG:  starting PostgreSQL 16.3 (Debian 16.3-1.pgdg120+1) on x86_64-pc-linux-gnu, compiled by gcc (Debian 12.2.0-14) 12.2.0, 64-bit
2026-09-24 07:30:03.440 UTC [1] LOG:  listening on IPv4 address "0.0.0.0", port 5432
2026-09-24 07:30:03.440 UTC [1] LOG:  listening on IPv6 address "::", port 5432
2026-09-24 07:30:03.440 UTC [1] LOG:  listening on Unix socket "/var/run/postgresql/.s.PGSQL.5432"
2026-09-24 07:30:03.442 UTC [64] LOG:  database system was shut down at 2026-09-24 07:30:03 UTC
2026-09-24 07:30:03.444 UTC [1] LOG:  database system is ready to accept connections
[sequential deletes] completed 50/50 | connections idle in transaction: 0 | rows left in the table: 0
]]></system-out>
    <system-err><![CDATA[SLF4J: Failed to load class "org.slf4j.impl.StaticLoggerBinder".
SLF4J: Defaulting to no-operation (NOP) logger implementation
SLF4J: See http://www.slf4j.org/codes.html#StaticLoggerBinder for further details.
Sep 24, 2026 12:30:03 PM org.hibernate.Version logVersion
INFO: HHH000001: Hibernate ORM core version 7.4.7.Final
Sep 24, 2026 12:30:04 PM org.hibernate.reactive.pool.impl.DefaultSqlClientPool jdbcUrl
INFO: HR000011: SQL Client URL [&amp#27;[34mjdbc:postgresql://localhost:33603/test?loggerLevel=OFF&amp#27;[0m]
Sep 24, 2026 12:30:04 PM org.hibernate.reactive.pool.impl.DefaultSqlClientPoolConfiguration poolOptions
INFO: HR000025: Connection pool size: 20
Sep 24, 2026 12:30:04 PM org.hibernate.reactive.pool.impl.DefaultSqlClientPool findDriver
INFO: HR000012: Selected driver (&amp#27;[32m✔&amp#27;[0m) [&amp#27;[34mio.vertx.pgclient.spi.PgDriver&amp#27;[0m]
Sep 24, 2026 12:30:04 PM org.hibernate.reactive.pool.impl.DefaultSqlClientPool findDriver
INFO: HR000013: Detected driver (&amp#27;[31m✗&amp#27;[0m) [io.vertx.mysqlclient.spi.MySQLDriver]
Sep 24, 2026 12:30:04 PM org.hibernate.reactive.pool.impl.DefaultSqlClientPool findDriver
INFO: HR000013: Detected driver (&amp#27;[31m✗&amp#27;[0m) [io.vertx.db2client.spi.DB2Driver]
Sep 24, 2026 12:30:04 PM org.hibernate.reactive.pool.impl.DefaultSqlClientPool findDriver
INFO: HR000013: Detected driver (&amp#27;[31m✗&amp#27;[0m) [io.vertx.mssqlclient.spi.MSSQLDriver]
Sep 24, 2026 12:30:04 PM org.hibernate.reactive.pool.impl.DefaultSqlClientPool findDriver
INFO: HR000013: Detected driver (&amp#27;[31m✗&amp#27;[0m) [io.vertx.oracleclient.spi.OracleDriver]
Sep 24, 2026 12:30:04 PM org.hibernate.reactive.provider.impl.ReactiveIntegrator attachEventContextManagingListenersIfRequired
INFO: HR000001: Hibernate Reactive version 4.5.7.Final
]]></system-err>
  </testcase>
  <testcase name="concurrentDeletesInSeparateSessions" classname="org.hibernate.reactive.bugs.ConcurrentDeleteTestCase" time="60.099">
    <failure message="[transactions completed] &#10;expected: 50L&#10; but was: 32L" type="org.opentest4j.AssertionFailedError"><![CDATA[org.opentest4j.AssertionFailedError: 
[transactions completed] 
expected: 50L
 but was: 32L
	at org.hibernate.reactive.bugs.ConcurrentDeleteTestCase.concurrentDeletesInSeparateSessions(ConcurrentDeleteTestCase.java:112)
	at java.base/java.lang.reflect.Method.invoke(Method.java:580)
	at java.base/java.util.ArrayList.forEach(ArrayList.java:1596)
	at java.base/java.util.ArrayList.forEach(ArrayList.java:1596)
]]></failure>
    <system-out><![CDATA[[concurrent deletes] completed 32/50 | connections idle in transaction: 18 (last statement: delete from MyEntity where id=$1) | rows left in the table: 18
[concurrent deletes, 30 s later] completed 32/50 | connections idle in transaction: 18 (last statement: delete from MyEntity where id=$1) | rows left in the table: 18
]]></system-out>
  </testcase>
  <testcase name="concurrentUpdatesInSeparateSessions" classname="org.hibernate.reactive.bugs.ConcurrentDeleteTestCase" time="0.189">
    <system-out><![CDATA[[concurrent updates] completed 50/50 | connections idle in transaction: 0 | rows left in the table: 50
]]></system-out>
  </testcase>
</testsuite>